[debug] [2025-12-30T06:25:02.170Z] : 
[debug] [2025-12-30T06:25:02.172Z] : ----------------------------------------------------------------------
[debug] [2025-12-30T06:25:02.172Z] : Command:      /opt/homebrew/Cellar/node/24.4.1/bin/node /opt/homebrew/bin/catalyst serve
[debug] [2025-12-30T06:25:02.172Z] : CLI Version:  1.22.2
[debug] [2025-12-30T06:25:02.172Z] : Platform:     darwin
[debug] [2025-12-30T06:25:02.172Z] : Node Version: v24.4.1
[debug] [2025-12-30T06:25:02.172Z] : Time:         Tue Dec 30 2025 11:55:02 GMT+0530 (India Standard Time)
[debug] [2025-12-30T06:25:02.172Z] : ----------------------------------------------------------------------
[debug] [2025-12-30T06:25:02.172Z] : 
[debug] [2025-12-30T06:25:02.401Z] : > authorizing via signed-in user option
[debug] [2025-12-30T06:25:02.401Z] : > command requires scopes: ["ZohoCatalyst.projects.ALL","ZohoCatalyst.apigateway.apis.READ","ZohoCatalyst.apigateway.READ","ZohoCatalyst.segments.ALL","ZohoCatalyst.cache.READ","ZohoCatalyst.cache.CREATE","ZohoCatalyst.cache.DELETE","ZohoCatalyst.projects.ALL","ZohoCatalyst.cron.ALL","ZohoCatalyst.zcql.CREATE","ZohoCatalyst.projects.users.READ","ZohoCatalyst.projects.users.CREATE","ZohoCatalyst.projects.users.DELETE","ZohoCatalyst.projects.users.UPDATE","ZohoCatalyst.authentication.CREATE","ZohoCatalyst.email.CREATE","ZohoCatalyst.tables.ALL","ZohoCatalyst.tables.rows.ALL","ZohoCatalyst.tables.columns.ALL","ZohoCatalyst.tables.bulk.CREATE","ZohoCatalyst.tables.bulk.READ","ZohoCatalyst.folders.ALL","ZohoCatalyst.files.CREATE","ZohoCatalyst.files.READ","ZohoCatalyst.files.DELETE","ZohoCatalyst.functions.ALL","ZohoCatalyst.functions.EXECUTE","ZohoCatalyst.eventlistners.ALL","ZohoCatalyst.eventlisteners.produce","ZohoCatalyst.security.rules.Read","ZohoCatalyst.security.rules.Update","ZohoCatalyst.notifications.mobile","ZohoCatalyst.notifications.web","ZohoCatalyst.search.READ","ZohoCatalyst.mlkit.READ","QuickML.deployment.READ","ZohoCatalyst.pdfshot.execute","ZohoCatalyst.circuits.execution.DELETE","ZohoCatalyst.circuits.execution.READ","ZohoCatalyst.circuits.execute","ZohoCatalyst.appsail.Read","ZohoCatalyst.jobpool.READ","ZohoCatalyst.job.ALL","ZohoCatalyst.nosql.READ","ZohoCatalyst.nosql.rows.ALL"]
[debug] [2025-12-30T06:25:02.404Z] : >>>> HTTP REQUEST : GET https://api.catalyst.zoho.in/baas/v1/project/17682000000576149 

[debug] [2025-12-30T06:25:02.536Z] : <<<< HTTP RESPONSE : 200
Response Headers: {"server":"ZGS","date":"Tue, 30 Dec 2025 06:25:02 GMT","content-type":"application/vnd.catalyst.v2+json","transfer-encoding":"chunked","connection":"keep-alive","x-content-type-options":"nosniff","cache-control":"private,no-cache,no-store,max-age=0,must-revalidate","pragma":"no-cache","expires":"Thu, 01 Jan 1970 00:00:00 GMT","x-frame-options":"DENY","strict-transport-security":"max-age=64072000; includeSubDomains; preload"}

[debug] [2025-12-30T06:25:02.538Z] : >>>> HTTP REQUEST : GET https://api.catalyst.zoho.in/baas/v1/project/17682000000576149/environment 

[debug] [2025-12-30T06:25:02.599Z] : <<<< HTTP RESPONSE : 200
Response Headers: {"server":"ZGS","date":"Tue, 30 Dec 2025 06:25:02 GMT","content-type":"application/vnd.catalyst.v2+json","transfer-encoding":"chunked","connection":"keep-alive","x-content-type-options":"nosniff","cache-control":"private,no-cache,no-store,max-age=0,must-revalidate","pragma":"no-cache","expires":"Thu, 01 Jan 1970 00:00:00 GMT","x-frame-options":"DENY","strict-transport-security":"max-age=64072000; includeSubDomains; preload"}

[debug] [2025-12-30T06:25:02.643Z] : http port : '3000' is not available. Hence port '3001' will be used instead.
[debug] [2025-12-30T06:25:02.687Z] : http port : '5000' is not available. Hence port '5001' will be used instead.
[debug] [2025-12-30T06:25:02.688Z] : No basic functions to add
[info] [2025-12-30T06:25:03.613Z] : [react-plugin]: Starting the development server...

[info] [2025-12-30T06:25:03.613Z] : 
[info] [2025-12-30T06:25:03.613Z] : ℹ Client[web-client]: Plugin : "zcatalyst-cli-plugin-react" is used for client serve
[info] [2025-12-30T06:25:03.613Z] : 
[info] [2025-12-30T06:25:03.977Z] : Skipping API Gateway rules
[info] [2025-12-30T06:25:04.358Z] : Skipping API Gateway rules
[info] [2025-12-30T06:25:04.362Z] : [1767075904362]  "GET"  "/app/"
[info] [2025-12-30T06:25:04.460Z] : 
[info] [2025-12-30T06:25:04.460Z] :  >>>>>>>>>>>>>> AppSail <<<<<<<<<<<<<< 
[info] [2025-12-30T06:25:04.460Z] : ℹ appsail: http://localhost:3001
[info] [2025-12-30T06:25:04.460Z] : 
[info] [2025-12-30T06:25:04.460Z] : 
[info] [2025-12-30T06:25:04.460Z] :  >>>>>>>>>>>>> Web Client <<<<<<<<<<<<
[info] [2025-12-30T06:25:04.460Z] : ℹ client[web-client]: http://localhost:3000/app/
[info] [2025-12-30T06:25:04.460Z] : 
[info] [2025-12-30T06:25:05.176Z] : [react-plugin]: Compiled successfully!
[info] [2025-12-30T06:25:05.176Z] : [react-plugin]: 
[info] [2025-12-30T06:25:05.176Z] : [react-plugin]: You can now view web-client in the browser.
[info] [2025-12-30T06:25:05.176Z] : [react-plugin]: 
[info] [2025-12-30T06:25:05.176Z] : [react-plugin]:   Local:            http://localhost:3000/app/
[info] [2025-12-30T06:25:05.176Z] : [react-plugin]:   On Your Network:  http://192.168.20.244:3000/app/
[info] [2025-12-30T06:25:05.176Z] : [react-plugin]: 
[info] [2025-12-30T06:25:05.176Z] : [react-plugin]: Note that the development build is not optimized.
[info] [2025-12-30T06:25:05.176Z] : [react-plugin]: To create a production build, use npm run build.
[info] [2025-12-30T06:25:05.176Z] : [react-plugin]: 
[info] [2025-12-30T06:25:05.221Z] : [1767075905221]  "GET"  "/app/static/js/bundle.js"
[info] [2025-12-30T06:25:05.368Z] : [1767075905368]  "GET"  "/app/manifest.json"
[info] [2025-12-30T06:25:05.405Z] : [1767075905405]  "GET"  "/app/favicon.ico"
[info] [2025-12-30T06:25:05.407Z] : [1767075905407]  "GET"  "/app/logo192.png"
[info] [2025-12-30T06:25:07.095Z] : [1767075907095]  "GET"  "/app/favicon.ico"
[info] [2025-12-30T06:25:07.454Z] : [1767075907453]  "GET"  "/app/main.e61da94ccf9cac0ed318.hot-update.json"
[info] [2025-12-30T06:25:19.347Z] : [1767075919346]  "POST"  "/platforms/ga4/validate"
[info] [2025-12-30T06:25:27.324Z] : [1767075927323]  "GET"  "/app/favicon.ico"
[info] [2025-12-30T06:25:27.330Z] : [1767075927330]  "GET"  "/events?store_id=null"
[info] [2025-12-30T06:25:27.417Z] : [1767075927417]  "GET"  "/events?store_id=null"
[info] [2025-12-30T06:25:28.828Z] : [1767075928828]  "GET"  "/app/favicon.ico"
[info] [2025-12-30T06:25:29.494Z] : [1767075929493]  "GET"  "/app/favicon.ico"
[info] [2025-12-30T06:25:30.627Z] : [1767075930627]  "GET"  "/app/favicon.ico"
[info] [2025-12-30T06:25:31.985Z] : [1767075931985]  "GET"  "/events?store_id=null"
[info] [2025-12-30T06:25:31.987Z] : [1767075931987]  "GET"  "/app/favicon.ico"
[info] [2025-12-30T06:25:32.078Z] : [1767075932078]  "GET"  "/events?store_id=null"
